<?xml version="1.0" encoding="UTF-8"?>
<testng-results skipped="0" failed="0" ignored="0" total="1" passed="1">
  <reporter-output>
  </reporter-output>
  <suite name="Default suite" duration-ms="26347" started-at="2023-03-06T23:06:44 IST" finished-at="2023-03-06T23:07:10 IST">
    <groups>
    </groups>
    <test name="Default test" duration-ms="26347" started-at="2023-03-06T23:06:44 IST" finished-at="2023-03-06T23:07:10 IST">
      <class name="testScripts.PlaceOrderTest">
        <test-method status="PASS" signature="setup()[pri:0, instance:testScripts.PlaceOrderTest@27d415d9]" name="setup" is-config="true" duration-ms="20585" started-at="2023-03-06T23:06:44 IST" finished-at="2023-03-06T23:07:04 IST">
          <reporter-output>
          </reporter-output>
        </test-method> <!-- setup -->
        <test-method status="PASS" signature="addItemtoCart()[pri:0, instance:testScripts.PlaceOrderTest@27d415d9]" name="addItemtoCart" duration-ms="5543" started-at="2023-03-06T23:07:05 IST" finished-at="2023-03-06T23:07:10 IST">
          <reporter-output>
          </reporter-output>
        </test-method> <!-- addItemtoCart -->
      </class> <!-- testScripts.PlaceOrderTest -->
    </test> <!-- Default test -->
  </suite> <!-- Default suite -->
</testng-results>
